Analysis & Synthesis report for Top
Sat Apr 22 21:03:28 2017
Quartus Prime Version 16.1.0 Build 196 10/24/2016 SJ Lite Edition


---------------------
; Table of Contents ;
---------------------
  1. Legal Notice
  2. Analysis & Synthesis Summary
  3. Analysis & Synthesis Settings
  4. Parallel Compilation
  5. Analysis & Synthesis Source Files Read
  6. Analysis & Synthesis Resource Usage Summary
  7. Analysis & Synthesis Resource Utilization by Entity
  8. Registers Removed During Synthesis
  9. General Register Statistics
 10. Inverted Register Statistics
 11. Multiplexer Restructuring Statistics (Restructuring Performed)
 12. Parameter Settings for User Entity Instance: LightSensorFilter:lsf1
 13. Parameter Settings for User Entity Instance: LightSensorFilter:lsf2
 14. Parameter Settings for User Entity Instance: LightSensorFilter:lsf3
 15. Parameter Settings for User Entity Instance: LineFollow:lf1
 16. Parameter Settings for User Entity Instance: LineFollow:lf1|PWM:pwmleft
 17. Parameter Settings for User Entity Instance: LineFollow:lf1|PWM:pwmright
 18. Analysis & Synthesis Messages



----------------
; Legal Notice ;
----------------
Copyright (C) 2016  Intel Corporation. All rights reserved.
Your use of Intel Corporation's design tools, logic functions 
and other software and tools, and its AMPP partner logic 
functions, and any output files from any of the foregoing 
(including device programming or simulation files), and any 
associated documentation or information are expressly subject 
to the terms and conditions of the Intel Program License 
Subscription Agreement, the Intel Quartus Prime License Agreement,
the Intel MegaCore Function License Agreement, or other 
applicable license agreement, including, without limitation, 
that your use is for the sole purpose of programming logic 
devices manufactured by Intel and sold by Intel or its 
authorized distributors.  Please refer to the applicable 
agreement for further details.



+---------------------------------------------------------------------------+
; Analysis & Synthesis Summary                                              ;
+-----------------------------+---------------------------------------------+
; Analysis & Synthesis Status ; Successful - Sat Apr 22 21:03:28 2017       ;
; Quartus Prime Version       ; 16.1.0 Build 196 10/24/2016 SJ Lite Edition ;
; Revision Name               ; Top                                         ;
; Top-level Entity Name       ; Top                                         ;
; Family                      ; MAX II                                      ;
; Total logic elements        ; 92                                          ;
; Total pins                  ; 8                                           ;
; Total virtual pins          ; 0                                           ;
; UFM blocks                  ; 0 / 1 ( 0 % )                               ;
+-----------------------------+---------------------------------------------+


+----------------------------------------------------------------------------------------------------------------------+
; Analysis & Synthesis Settings                                                                                        ;
+----------------------------------------------------------------------------+--------------------+--------------------+
; Option                                                                     ; Setting            ; Default Value      ;
+----------------------------------------------------------------------------+--------------------+--------------------+
; Device                                                                     ; EPM240T100C5       ;                    ;
; Top-level entity name                                                      ; Top                ; Top                ;
; Family name                                                                ; MAX II             ; Cyclone V          ;
; Use smart compilation                                                      ; Off                ; Off                ;
; Enable parallel Assembler and TimeQuest Timing Analyzer during compilation ; On                 ; On                 ;
; Enable compact report table                                                ; Off                ; Off                ;
; Restructure Multiplexers                                                   ; Auto               ; Auto               ;
; Create Debugging Nodes for IP Cores                                        ; Off                ; Off                ;
; Preserve fewer node names                                                  ; On                 ; On                 ;
; OpenCore Plus hardware evaluation                                          ; Enable             ; Enable             ;
; Verilog Version                                                            ; Verilog_2001       ; Verilog_2001       ;
; VHDL Version                                                               ; VHDL_1993          ; VHDL_1993          ;
; State Machine Processing                                                   ; Auto               ; Auto               ;
; Safe State Machine                                                         ; Off                ; Off                ;
; Extract Verilog State Machines                                             ; On                 ; On                 ;
; Extract VHDL State Machines                                                ; On                 ; On                 ;
; Ignore Verilog initial constructs                                          ; Off                ; Off                ;
; Iteration limit for constant Verilog loops                                 ; 5000               ; 5000               ;
; Iteration limit for non-constant Verilog loops                             ; 250                ; 250                ;
; Add Pass-Through Logic to Inferred RAMs                                    ; On                 ; On                 ;
; Infer RAMs from Raw Logic                                                  ; On                 ; On                 ;
; Parallel Synthesis                                                         ; On                 ; On                 ;
; NOT Gate Push-Back                                                         ; On                 ; On                 ;
; Power-Up Don't Care                                                        ; On                 ; On                 ;
; Remove Redundant Logic Cells                                               ; Off                ; Off                ;
; Remove Duplicate Registers                                                 ; On                 ; On                 ;
; Ignore CARRY Buffers                                                       ; Off                ; Off                ;
; Ignore CASCADE Buffers                                                     ; Off                ; Off                ;
; Ignore GLOBAL Buffers                                                      ; Off                ; Off                ;
; Ignore ROW GLOBAL Buffers                                                  ; Off                ; Off                ;
; Ignore LCELL Buffers                                                       ; Off                ; Off                ;
; Ignore SOFT Buffers                                                        ; On                 ; On                 ;
; Limit AHDL Integers to 32 Bits                                             ; Off                ; Off                ;
; Optimization Technique                                                     ; Balanced           ; Balanced           ;
; Carry Chain Length                                                         ; 70                 ; 70                 ;
; Auto Carry Chains                                                          ; On                 ; On                 ;
; Auto Open-Drain Pins                                                       ; On                 ; On                 ;
; Perform WYSIWYG Primitive Resynthesis                                      ; Off                ; Off                ;
; Auto Shift Register Replacement                                            ; Auto               ; Auto               ;
; Allow Shift Register Merging across Hierarchies                            ; Auto               ; Auto               ;
; Auto Clock Enable Replacement                                              ; On                 ; On                 ;
; Allow Synchronous Control Signals                                          ; On                 ; On                 ;
; Force Use of Synchronous Clear Signals                                     ; Off                ; Off                ;
; Auto Resource Sharing                                                      ; Off                ; Off                ;
; Use LogicLock Constraints during Resource Balancing                        ; On                 ; On                 ;
; Ignore translate_off and synthesis_off directives                          ; Off                ; Off                ;
; Report Parameter Settings                                                  ; On                 ; On                 ;
; Report Source Assignments                                                  ; On                 ; On                 ;
; Report Connectivity Checks                                                 ; On                 ; On                 ;
; Ignore Maximum Fan-Out Assignments                                         ; Off                ; Off                ;
; Synchronization Register Chain Length                                      ; 2                  ; 2                  ;
; PowerPlay Power Optimization During Synthesis                              ; Normal compilation ; Normal compilation ;
; HDL message level                                                          ; Level2             ; Level2             ;
; Suppress Register Optimization Related Messages                            ; Off                ; Off                ;
; Number of Removed Registers Reported in Synthesis Report                   ; 5000               ; 5000               ;
; Number of Swept Nodes Reported in Synthesis Report                         ; 5000               ; 5000               ;
; Number of Inverted Registers Reported in Synthesis Report                  ; 100                ; 100                ;
; Clock MUX Protection                                                       ; On                 ; On                 ;
; Block Design Naming                                                        ; Auto               ; Auto               ;
; Synthesis Effort                                                           ; Auto               ; Auto               ;
; Shift Register Replacement - Allow Asynchronous Clear Signal               ; On                 ; On                 ;
; Analysis & Synthesis Message Level                                         ; Medium             ; Medium             ;
; Disable Register Merging Across Hierarchies                                ; Auto               ; Auto               ;
+----------------------------------------------------------------------------+--------------------+--------------------+


+------------------------------------------+
; Parallel Compilation                     ;
+----------------------------+-------------+
; Processors                 ; Number      ;
+----------------------------+-------------+
; Number detected on machine ; 8           ;
; Maximum allowed            ; 4           ;
;                            ;             ;
; Average used               ; 1.00        ;
; Maximum used               ; 1           ;
;                            ;             ;
; Usage by Processor         ; % Time Used ;
;     Processor 1            ; 100.0%      ;
+----------------------------+-------------+


+-------------------------------------------------------------------------------------------------------------------------------------------------------------------------+
; Analysis & Synthesis Source Files Read                                                                                                                                  ;
+----------------------------------+-----------------+------------------------+---------------------------------------------------------------------------------+---------+
; File Name with User-Entered Path ; Used in Netlist ; File Type              ; File Name with Absolute Path                                                    ; Library ;
+----------------------------------+-----------------+------------------------+---------------------------------------------------------------------------------+---------+
; ../LightSensorFilter.v           ; yes             ; User Verilog HDL File  ; C:/Users/8stev/Desktop/computer archiecture/LineFollowRobot/LightSensorFilter.v ;         ;
; ../PWM.v                         ; yes             ; User Verilog HDL File  ; C:/Users/8stev/Desktop/computer archiecture/LineFollowRobot/PWM.v               ;         ;
; ../LineFollow.v                  ; yes             ; User Verilog HDL File  ; C:/Users/8stev/Desktop/computer archiecture/LineFollowRobot/LineFollow.v        ;         ;
; ../Top.v                         ; yes             ; User Verilog HDL File  ; C:/Users/8stev/Desktop/computer archiecture/LineFollowRobot/Top.v               ;         ;
+----------------------------------+-----------------+------------------------+---------------------------------------------------------------------------------+---------+


+-----------------------------------------------------+
; Analysis & Synthesis Resource Usage Summary         ;
+---------------------------------------------+-------+
; Resource                                    ; Usage ;
+---------------------------------------------+-------+
; Total logic elements                        ; 92    ;
;     -- Combinational with no register       ; 21    ;
;     -- Register only                        ; 3     ;
;     -- Combinational with a register        ; 68    ;
;                                             ;       ;
; Logic element usage by number of LUT inputs ;       ;
;     -- 4 input functions                    ; 22    ;
;     -- 3 input functions                    ; 7     ;
;     -- 2 input functions                    ; 56    ;
;     -- 1 input functions                    ; 4     ;
;     -- 0 input functions                    ; 0     ;
;                                             ;       ;
; Logic elements by mode                      ;       ;
;     -- normal mode                          ; 38    ;
;     -- arithmetic mode                      ; 54    ;
;     -- qfbk mode                            ; 0     ;
;     -- register cascade mode                ; 0     ;
;     -- synchronous clear/load mode          ; 51    ;
;     -- asynchronous clear/load mode         ; 0     ;
;                                             ;       ;
; Total registers                             ; 71    ;
; Total logic cells in carry chains           ; 58    ;
; I/O pins                                    ; 8     ;
; Maximum fan-out node                        ; clk   ;
; Maximum fan-out                             ; 71    ;
; Total fan-out                               ; 354   ;
; Average fan-out                             ; 3.54  ;
+---------------------------------------------+-------+


+--------------------------------------------------------------------------------------------------------------------------------------------------------------------------------------------------------------------------------------------------------+
; Analysis & Synthesis Resource Utilization by Entity                                                                                                                                                                                                    ;
+-----------------------------+-------------+--------------+------------+------+--------------+--------------+-------------------+------------------+-----------------+------------+----------------------------------+-------------------+--------------+
; Compilation Hierarchy Node  ; Logic Cells ; LC Registers ; UFM Blocks ; Pins ; Virtual Pins ; LUT-Only LCs ; Register-Only LCs ; LUT/Register LCs ; Carry Chain LCs ; Packed LCs ; Full Hierarchy Name              ; Entity Name       ; Library Name ;
+-----------------------------+-------------+--------------+------------+------+--------------+--------------+-------------------+------------------+-----------------+------------+----------------------------------+-------------------+--------------+
; |Top                        ; 92 (0)      ; 71           ; 0          ; 8    ; 0            ; 21 (0)       ; 3 (0)             ; 68 (0)           ; 58 (0)          ; 0 (0)      ; |Top                             ; Top               ; work         ;
;    |LightSensorFilter:lsf1| ; 25 (25)     ; 19           ; 0          ; 0    ; 0            ; 6 (6)        ; 1 (1)             ; 18 (18)          ; 17 (17)         ; 0 (0)      ; |Top|LightSensorFilter:lsf1      ; LightSensorFilter ; work         ;
;    |LightSensorFilter:lsf2| ; 25 (25)     ; 19           ; 0          ; 0    ; 0            ; 6 (6)        ; 1 (1)             ; 18 (18)          ; 17 (17)         ; 0 (0)      ; |Top|LightSensorFilter:lsf2      ; LightSensorFilter ; work         ;
;    |LightSensorFilter:lsf3| ; 25 (25)     ; 19           ; 0          ; 0    ; 0            ; 6 (6)        ; 1 (1)             ; 18 (18)          ; 17 (17)         ; 0 (0)      ; |Top|LightSensorFilter:lsf3      ; LightSensorFilter ; work         ;
;    |LineFollow:lf1|         ; 17 (4)      ; 14           ; 0          ; 0    ; 0            ; 3 (0)        ; 0 (0)             ; 14 (4)           ; 7 (0)           ; 0 (0)      ; |Top|LineFollow:lf1              ; LineFollow        ; work         ;
;       |PWM:pwmleft|         ; 9 (9)       ; 9            ; 0          ; 0    ; 0            ; 0 (0)        ; 0 (0)             ; 9 (9)            ; 7 (7)           ; 0 (0)      ; |Top|LineFollow:lf1|PWM:pwmleft  ; PWM               ; work         ;
;       |PWM:pwmright|        ; 4 (4)       ; 1            ; 0          ; 0    ; 0            ; 3 (3)        ; 0 (0)             ; 1 (1)            ; 0 (0)           ; 0 (0)      ; |Top|LineFollow:lf1|PWM:pwmright ; PWM               ; work         ;
+-----------------------------+-------------+--------------+------------+------+--------------+--------------+-------------------+------------------+-----------------+------------+----------------------------------+-------------------+--------------+
Note: For table entries with two numbers listed, the numbers in parentheses indicate the number of resources of the given type used by the specific entity alone. The numbers listed outside of parentheses indicate the total resources of the given type used by the specific entity and all of its sub-entities in the hierarchy.


+--------------------------------------------------------------------------------------------+
; Registers Removed During Synthesis                                                         ;
+----------------------------------------+---------------------------------------------------+
; Register name                          ; Reason for Removal                                ;
+----------------------------------------+---------------------------------------------------+
; LineFollow:lf1|leftMotorSpeed[0..5]    ; Stuck at GND due to stuck port data_in            ;
; LineFollow:lf1|rightMotorSpeed[0..5]   ; Stuck at GND due to stuck port data_in            ;
; LineFollow:lf1|dirR                    ; Stuck at VCC due to stuck port data_in            ;
; LineFollow:lf1|dirL                    ; Stuck at VCC due to stuck port data_in            ;
; LineFollow:lf1|PWM:pwmright|counter[7] ; Merged with LineFollow:lf1|PWM:pwmleft|counter[7] ;
; LineFollow:lf1|PWM:pwmright|counter[6] ; Merged with LineFollow:lf1|PWM:pwmleft|counter[6] ;
; LineFollow:lf1|PWM:pwmright|counter[5] ; Merged with LineFollow:lf1|PWM:pwmleft|counter[5] ;
; LineFollow:lf1|PWM:pwmright|counter[4] ; Merged with LineFollow:lf1|PWM:pwmleft|counter[4] ;
; LineFollow:lf1|PWM:pwmright|counter[3] ; Merged with LineFollow:lf1|PWM:pwmleft|counter[3] ;
; LineFollow:lf1|PWM:pwmright|counter[2] ; Merged with LineFollow:lf1|PWM:pwmleft|counter[2] ;
; LineFollow:lf1|PWM:pwmright|counter[1] ; Merged with LineFollow:lf1|PWM:pwmleft|counter[1] ;
; LineFollow:lf1|PWM:pwmright|counter[0] ; Merged with LineFollow:lf1|PWM:pwmleft|counter[0] ;
; Total Number of Removed Registers = 22 ;                                                   ;
+----------------------------------------+---------------------------------------------------+


+------------------------------------------------------+
; General Register Statistics                          ;
+----------------------------------------------+-------+
; Statistic                                    ; Value ;
+----------------------------------------------+-------+
; Total registers                              ; 71    ;
; Number of registers using Synchronous Clear  ; 51    ;
; Number of registers using Synchronous Load   ; 0     ;
; Number of registers using Asynchronous Clear ; 0     ;
; Number of registers using Asynchronous Load  ; 0     ;
; Number of registers using Clock Enable       ; 2     ;
; Number of registers using Preset             ; 0     ;
+----------------------------------------------+-------+


+--------------------------------------------------+
; Inverted Register Statistics                     ;
+----------------------------------------+---------+
; Inverted Register                      ; Fan out ;
+----------------------------------------+---------+
; LineFollow:lf1|PWM:pwmright|PWM_Out    ; 1       ;
; LineFollow:lf1|PWM:pwmleft|PWM_Out     ; 1       ;
; Total number of inverted registers = 2 ;         ;
+----------------------------------------+---------+


+-----------------------------------------------------------------------------------------------------------------------------------------------------------+
; Multiplexer Restructuring Statistics (Restructuring Performed)                                                                                            ;
+--------------------+-----------+---------------+----------------------+------------------------+------------+---------------------------------------------+
; Multiplexer Inputs ; Bus Width ; Baseline Area ; Area if Restructured ; Saving if Restructured ; Registered ; Example Multiplexer Output                  ;
+--------------------+-----------+---------------+----------------------+------------------------+------------+---------------------------------------------+
; 3:1                ; 17 bits   ; 34 LEs        ; 17 LEs               ; 17 LEs                 ; Yes        ; |Top|LightSensorFilter:lsf1|repeatCount[16] ;
; 3:1                ; 17 bits   ; 34 LEs        ; 17 LEs               ; 17 LEs                 ; Yes        ; |Top|LightSensorFilter:lsf2|repeatCount[16] ;
; 3:1                ; 17 bits   ; 34 LEs        ; 17 LEs               ; 17 LEs                 ; Yes        ; |Top|LightSensorFilter:lsf3|repeatCount[16] ;
+--------------------+-----------+---------------+----------------------+------------------------+------------+---------------------------------------------+


+---------------------------------------------------------------------+
; Parameter Settings for User Entity Instance: LightSensorFilter:lsf1 ;
+------------------+-------------------+------------------------------+
; Parameter Name   ; Value             ; Type                         ;
+------------------+-------------------+------------------------------+
; arbitraryRepeats ; 00000000000000101 ; Unsigned Binary              ;
+------------------+-------------------+------------------------------+
Note: In order to hide this table in the UI and the text report file, please set the "Show Parameter Settings in Synthesis Report" option in "Analysis and Synthesis Settings -> More Settings" to "Off".


+---------------------------------------------------------------------+
; Parameter Settings for User Entity Instance: LightSensorFilter:lsf2 ;
+------------------+-------------------+------------------------------+
; Parameter Name   ; Value             ; Type                         ;
+------------------+-------------------+------------------------------+
; arbitraryRepeats ; 00000000000000101 ; Unsigned Binary              ;
+------------------+-------------------+------------------------------+
Note: In order to hide this table in the UI and the text report file, please set the "Show Parameter Settings in Synthesis Report" option in "Analysis and Synthesis Settings -> More Settings" to "Off".


+---------------------------------------------------------------------+
; Parameter Settings for User Entity Instance: LightSensorFilter:lsf3 ;
+------------------+-------------------+------------------------------+
; Parameter Name   ; Value             ; Type                         ;
+------------------+-------------------+------------------------------+
; arbitraryRepeats ; 00000000000000101 ; Unsigned Binary              ;
+------------------+-------------------+------------------------------+
Note: In order to hide this table in the UI and the text report file, please set the "Show Parameter Settings in Synthesis Report" option in "Analysis and Synthesis Settings -> More Settings" to "Off".


+-------------------------------------------------------------+
; Parameter Settings for User Entity Instance: LineFollow:lf1 ;
+----------------+----------+---------------------------------+
; Parameter Name ; Value    ; Type                            ;
+----------------+----------+---------------------------------+
; MAX            ; 10000000 ; Unsigned Binary                 ;
; HALF           ; 01000000 ; Unsigned Binary                 ;
; OFF            ; 00000000 ; Unsigned Binary                 ;
+----------------+----------+---------------------------------+
Note: In order to hide this table in the UI and the text report file, please set the "Show Parameter Settings in Synthesis Report" option in "Analysis and Synthesis Settings -> More Settings" to "Off".


+-------------------------------------------------------------------------+
; Parameter Settings for User Entity Instance: LineFollow:lf1|PWM:pwmleft ;
+----------------+----------+---------------------------------------------+
; Parameter Name ; Value    ; Type                                        ;
+----------------+----------+---------------------------------------------+
; HIGH           ; 1        ; Unsigned Binary                             ;
; LOW            ; 0        ; Unsigned Binary                             ;
; ZEROS          ; 00000000 ; Unsigned Binary                             ;
; FULL           ; 11111111 ; Unsigned Binary                             ;
+----------------+----------+---------------------------------------------+
Note: In order to hide this table in the UI and the text report file, please set the "Show Parameter Settings in Synthesis Report" option in "Analysis and Synthesis Settings -> More Settings" to "Off".


+--------------------------------------------------------------------------+
; Parameter Settings for User Entity Instance: LineFollow:lf1|PWM:pwmright ;
+----------------+----------+----------------------------------------------+
; Parameter Name ; Value    ; Type                                         ;
+----------------+----------+----------------------------------------------+
; HIGH           ; 1        ; Unsigned Binary                              ;
; LOW            ; 0        ; Unsigned Binary                              ;
; ZEROS          ; 00000000 ; Unsigned Binary                              ;
; FULL           ; 11111111 ; Unsigned Binary                              ;
+----------------+----------+----------------------------------------------+
Note: In order to hide this table in the UI and the text report file, please set the "Show Parameter Settings in Synthesis Report" option in "Analysis and Synthesis Settings -> More Settings" to "Off".


+-------------------------------+
; Analysis & Synthesis Messages ;
+-------------------------------+
Info: *******************************************************************
Info: Running Quartus Prime Analysis & Synthesis
    Info: Version 16.1.0 Build 196 10/24/2016 SJ Lite Edition
    Info: Processing started: Sat Apr 22 21:03:17 2017
Info: Command: quartus_map --read_settings_files=on --write_settings_files=off Top -c Top
Warning (18236): Number of processors has not been specified which may cause overloading on shared machines.  Set the global assignment NUM_PARALLEL_PROCESSORS in your QSF to an appropriate value for best performance.
Info (20030): Parallel compilation is enabled and will use 4 of the 4 processors detected
Info (12021): Found 1 design units, including 1 entities, in source file /users/8stev/desktop/computer archiecture/linefollowrobot/lightsensorfilter.v
    Info (12023): Found entity 1: LightSensorFilter File: C:/Users/8stev/Desktop/computer archiecture/LineFollowRobot/LightSensorFilter.v Line: 4
Info (12021): Found 1 design units, including 1 entities, in source file /users/8stev/desktop/computer archiecture/linefollowrobot/pwm.v
    Info (12023): Found entity 1: PWM File: C:/Users/8stev/Desktop/computer archiecture/LineFollowRobot/PWM.v Line: 1
Info (12021): Found 1 design units, including 1 entities, in source file /users/8stev/desktop/computer archiecture/linefollowrobot/linefollow.v
    Info (12023): Found entity 1: LineFollow File: C:/Users/8stev/Desktop/computer archiecture/LineFollowRobot/LineFollow.v Line: 2
Info (12021): Found 1 design units, including 1 entities, in source file /users/8stev/desktop/computer archiecture/linefollowrobot/top.v
    Info (12023): Found entity 1: Top File: C:/Users/8stev/Desktop/computer archiecture/LineFollowRobot/Top.v Line: 13
Info (12127): Elaborating entity "Top" for the top level hierarchy
Info (12128): Elaborating entity "LightSensorFilter" for hierarchy "LightSensorFilter:lsf1" File: C:/Users/8stev/Desktop/computer archiecture/LineFollowRobot/Top.v Line: 19
Warning (10230): Verilog HDL assignment warning at LightSensorFilter.v(21): truncated value with size 32 to match size of target (17) File: C:/Users/8stev/Desktop/computer archiecture/LineFollowRobot/LightSensorFilter.v Line: 21
Info (12128): Elaborating entity "LineFollow" for hierarchy "LineFollow:lf1" File: C:/Users/8stev/Desktop/computer archiecture/LineFollowRobot/Top.v Line: 26
Info (12128): Elaborating entity "PWM" for hierarchy "LineFollow:lf1|PWM:pwmleft" File: C:/Users/8stev/Desktop/computer archiecture/LineFollowRobot/LineFollow.v Line: 14
Warning (10230): Verilog HDL assignment warning at PWM.v(23): truncated value with size 32 to match size of target (8) File: C:/Users/8stev/Desktop/computer archiecture/LineFollowRobot/PWM.v Line: 23
Warning (13024): Output pins are stuck at VCC or GND
    Warning (13410): Pin "dirR" is stuck at VCC File: C:/Users/8stev/Desktop/computer archiecture/LineFollowRobot/Top.v Line: 16
    Warning (13410): Pin "dirL" is stuck at VCC File: C:/Users/8stev/Desktop/computer archiecture/LineFollowRobot/Top.v Line: 16
Info (21057): Implemented 100 device resources after synthesis - the final resource count might be different
    Info (21058): Implemented 4 input pins
    Info (21059): Implemented 4 output pins
    Info (21061): Implemented 92 logic cells
Info: Quartus Prime Analysis & Synthesis was successful. 0 errors, 6 warnings
    Info: Peak virtual memory: 592 megabytes
    Info: Processing ended: Sat Apr 22 21:03:28 2017
    Info: Elapsed time: 00:00:11
    Info: Total CPU time (on all processors): 00:00:28


